<?xml version="1.0" encoding="UTF-8"?>
<!-- Generated by org.testng.reporters.JUnitReportReporter -->
<testsuite hostname="Ankitas-MBP.attlocal.net" failures="0" tests="1" name="tests.TestExamples" time="3.441" errors="0" timestamp="2022-04-10T22:15:06 CDT" skipped="0">
  <testcase classname="tests.TestExamples" name="test_2" time="3.441"/>
  <system-out/>
</testsuite> <!-- tests.TestExamples -->
