<?xml version="1.0" encoding="UTF-8"?>
<!-- Generated by org.testng.reporters.JUnitReportReporter -->
<testsuite hostname="Ankitas-MBP.attlocal.net" failures="0" tests="2" name="tests.PutPatchDelete" time="3.406" errors="0" timestamp="2022-04-10T22:50:38 CDT" skipped="0">
  <testcase classname="tests.PutPatchDelete" name="testPut" time="0.676"/>
  <system-out/>
  <testcase classname="tests.PutPatchDelete" name="testDelete" time="2.730"/>
  <system-out/>
</testsuite> <!-- tests.PutPatchDelete -->
