<?xml version="1.0" encoding="UTF-8"?>
<!-- Generated by org.testng.reporters.JUnitReportReporter -->
<testsuite hostname="Ankitas-MBP.attlocal.net" failures="0" tests="1" name="tests.PutPathDelete" time="2.817" errors="0" timestamp="2022-04-10T22:46:39 CDT" skipped="0">
  <testcase classname="tests.PutPathDelete" name="testPut" time="2.817"/>
  <system-out/>
</testsuite> <!-- tests.PutPathDelete -->
